<?xml version="1.0" encoding="UTF-8"?>
<testng-results ignored="0" total="1" passed="1" failed="0" skipped="0">
  <reporter-output>
  </reporter-output>
  <suite started-at="2024-03-09T16:37:37 IST" name="Default suite" finished-at="2024-03-09T16:39:15 IST" duration-ms="98028">
    <groups>
    </groups>
    <test started-at="2024-03-09T16:37:37 IST" name="Default test" finished-at="2024-03-09T16:39:15 IST" duration-ms="98028">
      <class name="RegressionSuite.AppointmentTest">
        <test-method is-config="true" signature="setup()[pri:0, instance:RegressionSuite.AppointmentTest@604c5de8]" started-at="2024-03-09T16:37:37 IST" name="setup" finished-at="2024-03-09T16:38:00 IST" duration-ms="22774" status="PASS">
          <reporter-output>
          </reporter-output>
        </test-method> <!-- setup -->
        <test-method signature="AppointmentTest()[pri:0, instance:RegressionSuite.AppointmentTest@604c5de8]" started-at="2024-03-09T16:38:00 IST" name="AppointmentTest" finished-at="2024-03-09T16:39:15 IST" duration-ms="74504" status="PASS">
          <reporter-output>
          </reporter-output>
        </test-method> <!-- AppointmentTest -->
        <test-method is-config="true" signature="TearDown()[pri:0, instance:RegressionSuite.AppointmentTest@604c5de8]" started-at="2024-03-09T16:39:15 IST" name="TearDown" finished-at="2024-03-09T16:39:15 IST" duration-ms="693" status="PASS">
          <reporter-output>
          </reporter-output>
        </test-method> <!-- TearDown -->
      </class> <!-- RegressionSuite.AppointmentTest -->
    </test> <!-- Default test -->
  </suite> <!-- Default suite -->
</testng-results>
