<?xml version="1.0" encoding="UTF-8"?>
<testng-results ignored="0" total="6" passed="6" failed="0" skipped="0">
  <reporter-output>
  </reporter-output>
  <suite started-at="2024-03-01T21:56:26 IST" name="Default suite" finished-at="2024-03-01T21:57:34 IST" duration-ms="68255">
    <groups>
    </groups>
    <test started-at="2024-03-01T21:56:26 IST" name="Default test" finished-at="2024-03-01T21:57:34 IST" duration-ms="68255">
      <class name="RegressionSuite.InsecureCertsTest">
        <test-method is-config="true" signature="Setup(java.lang.reflect.Method)[pri:0, instance:RegressionSuite.InsecureCertsTest@38c6f217]" started-at="2024-03-01T21:56:26 IST" name="Setup" finished-at="2024-03-01T21:56:29 IST" duration-ms="3376" status="PASS">
          <params>
            <param index="0">
              <value>
                <![CDATA[public static void RegressionSuite.InsecureCertsTest.expiredCertTest() throws java.io.IOException]]>
              </value>
            </param>
          </params>
          <reporter-output>
          </reporter-output>
        </test-method> <!-- Setup -->
        <test-method signature="expiredCertTest()[pri:0, instance:RegressionSuite.InsecureCertsTest@38c6f217]" started-at="2024-03-01T21:56:29 IST" name="expiredCertTest" finished-at="2024-03-01T21:56:38 IST" duration-ms="8719" status="PASS">
          <reporter-output>
          </reporter-output>
        </test-method> <!-- expiredCertTest -->
        <test-method is-config="true" signature="tearDown()[pri:0, instance:RegressionSuite.InsecureCertsTest@38c6f217]" started-at="2024-03-01T21:56:38 IST" name="tearDown" finished-at="2024-03-01T21:56:39 IST" duration-ms="1482" status="PASS">
          <reporter-output>
          </reporter-output>
        </test-method> <!-- tearDown -->
        <test-method is-config="true" signature="Setup(java.lang.reflect.Method)[pri:0, instance:RegressionSuite.InsecureCertsTest@38c6f217]" started-at="2024-03-01T21:56:39 IST" name="Setup" finished-at="2024-03-01T21:56:41 IST" duration-ms="1663" status="PASS">
          <params>
            <param index="0">
              <value>
                <![CDATA[public static void RegressionSuite.InsecureCertsTest.wrongHostCertTest()]]>
              </value>
            </param>
          </params>
          <reporter-output>
          </reporter-output>
        </test-method> <!-- Setup -->
        <test-method signature="wrongHostCertTest()[pri:1, instance:RegressionSuite.InsecureCertsTest@38c6f217]" started-at="2024-03-01T21:56:41 IST" name="wrongHostCertTest" finished-at="2024-03-01T21:56:50 IST" duration-ms="8811" status="PASS">
          <reporter-output>
          </reporter-output>
        </test-method> <!-- wrongHostCertTest -->
        <test-method is-config="true" signature="tearDown()[pri:0, instance:RegressionSuite.InsecureCertsTest@38c6f217]" started-at="2024-03-01T21:56:50 IST" name="tearDown" finished-at="2024-03-01T21:56:50 IST" duration-ms="614" status="PASS">
          <reporter-output>
          </reporter-output>
        </test-method> <!-- tearDown -->
        <test-method is-config="true" signature="Setup(java.lang.reflect.Method)[pri:0, instance:RegressionSuite.InsecureCertsTest@38c6f217]" started-at="2024-03-01T21:56:50 IST" name="Setup" finished-at="2024-03-01T21:56:52 IST" duration-ms="1597" status="PASS">
          <params>
            <param index="0">
              <value>
                <![CDATA[public static void RegressionSuite.InsecureCertsTest.selfsignedCertTest()]]>
              </value>
            </param>
          </params>
          <reporter-output>
          </reporter-output>
        </test-method> <!-- Setup -->
        <test-method signature="selfsignedCertTest()[pri:2, instance:RegressionSuite.InsecureCertsTest@38c6f217]" started-at="2024-03-01T21:56:52 IST" name="selfsignedCertTest" finished-at="2024-03-01T21:57:01 IST" duration-ms="8658" status="PASS">
          <reporter-output>
          </reporter-output>
        </test-method> <!-- selfsignedCertTest -->
        <test-method is-config="true" signature="tearDown()[pri:0, instance:RegressionSuite.InsecureCertsTest@38c6f217]" started-at="2024-03-01T21:57:01 IST" name="tearDown" finished-at="2024-03-01T21:57:01 IST" duration-ms="511" status="PASS">
          <reporter-output>
          </reporter-output>
        </test-method> <!-- tearDown -->
        <test-method is-config="true" signature="Setup(java.lang.reflect.Method)[pri:0, instance:RegressionSuite.InsecureCertsTest@38c6f217]" started-at="2024-03-01T21:57:01 IST" name="Setup" finished-at="2024-03-01T21:57:03 IST" duration-ms="1785" status="PASS">
          <params>
            <param index="0">
              <value>
                <![CDATA[public static void RegressionSuite.InsecureCertsTest.untrustedCertTest()]]>
              </value>
            </param>
          </params>
          <reporter-output>
          </reporter-output>
        </test-method> <!-- Setup -->
        <test-method signature="untrustedCertTest()[pri:3, instance:RegressionSuite.InsecureCertsTest@38c6f217]" started-at="2024-03-01T21:57:03 IST" name="untrustedCertTest" finished-at="2024-03-01T21:57:12 IST" duration-ms="8614" status="PASS">
          <reporter-output>
          </reporter-output>
        </test-method> <!-- untrustedCertTest -->
        <test-method is-config="true" signature="tearDown()[pri:0, instance:RegressionSuite.InsecureCertsTest@38c6f217]" started-at="2024-03-01T21:57:12 IST" name="tearDown" finished-at="2024-03-01T21:57:12 IST" duration-ms="575" status="PASS">
          <reporter-output>
          </reporter-output>
        </test-method> <!-- tearDown -->
        <test-method is-config="true" signature="Setup(java.lang.reflect.Method)[pri:0, instance:RegressionSuite.InsecureCertsTest@38c6f217]" started-at="2024-03-01T21:57:12 IST" name="Setup" finished-at="2024-03-01T21:57:14 IST" duration-ms="1712" status="PASS">
          <params>
            <param index="0">
              <value>
                <![CDATA[public static void RegressionSuite.InsecureCertsTest.revokedCertTest()]]>
              </value>
            </param>
          </params>
          <reporter-output>
          </reporter-output>
        </test-method> <!-- Setup -->
        <test-method signature="revokedCertTest()[pri:4, instance:RegressionSuite.InsecureCertsTest@38c6f217]" started-at="2024-03-01T21:57:14 IST" name="revokedCertTest" finished-at="2024-03-01T21:57:23 IST" duration-ms="8669" status="PASS">
          <reporter-output>
          </reporter-output>
        </test-method> <!-- revokedCertTest -->
        <test-method is-config="true" signature="tearDown()[pri:0, instance:RegressionSuite.InsecureCertsTest@38c6f217]" started-at="2024-03-01T21:57:23 IST" name="tearDown" finished-at="2024-03-01T21:57:23 IST" duration-ms="577" status="PASS">
          <reporter-output>
          </reporter-output>
        </test-method> <!-- tearDown -->
        <test-method is-config="true" signature="Setup(java.lang.reflect.Method)[pri:0, instance:RegressionSuite.InsecureCertsTest@38c6f217]" started-at="2024-03-01T21:57:23 IST" name="Setup" finished-at="2024-03-01T21:57:25 IST" duration-ms="1674" status="PASS">
          <params>
            <param index="0">
              <value>
                <![CDATA[public static void RegressionSuite.InsecureCertsTest.pinningCertTest()]]>
              </value>
            </param>
          </params>
          <reporter-output>
          </reporter-output>
        </test-method> <!-- Setup -->
        <test-method signature="pinningCertTest()[pri:5, instance:RegressionSuite.InsecureCertsTest@38c6f217]" started-at="2024-03-01T21:57:25 IST" name="pinningCertTest" finished-at="2024-03-01T21:57:33 IST" duration-ms="8504" status="PASS">
          <reporter-output>
          </reporter-output>
        </test-method> <!-- pinningCertTest -->
        <test-method is-config="true" signature="tearDown()[pri:0, instance:RegressionSuite.InsecureCertsTest@38c6f217]" started-at="2024-03-01T21:57:33 IST" name="tearDown" finished-at="2024-03-01T21:57:34 IST" duration-ms="633" status="PASS">
          <reporter-output>
          </reporter-output>
        </test-method> <!-- tearDown -->
      </class> <!-- RegressionSuite.InsecureCertsTest -->
    </test> <!-- Default test -->
  </suite> <!-- Default suite -->
</testng-results>
