<?xml version="1.0" encoding="UTF-8"?>
<!-- Generated by org.testng.reporters.JUnitXMLReporter -->
<testsuite ignored="0" hostname="LAPTOP-56NTT3S9" failures="0" tests="3" name="Test" time="0.065" errors="0" timestamp="2024-03-01T23:05:57 IST">
  <testcase classname="RegressionSuite.TestNG_Demo" name="Test1" time="0.006"/>
  <testcase classname="RegressionSuite.TestNG_Demo" name="Test2" time="0.002"/>
  <testcase classname="RegressionSuite.TestNG_Demo" name="Test3" time="0.001"/>
</testsuite> <!-- Test -->
