<?xml version="1.0" encoding="UTF-8"?>
<!-- Generated by org.testng.reporters.JUnitXMLReporter -->
<testsuite ignored="0" hostname="LAPTOP-56NTT3S9" failures="0" tests="7" name="CuraandInsecureTest" time="65.412" errors="0" timestamp="2024-03-01T23:18:58 IST">
  <testcase classname="RegressionSuite.InsecureCertsTest" name="expiredCertTest" time="8.553"/>
  <testcase classname="RegressionSuite.AppointmentTest" name="AppointmentTest" time="0.064"/>
  <testcase classname="RegressionSuite.InsecureCertsTest" name="wrongHostCertTest" time="9.45"/>
  <testcase classname="RegressionSuite.InsecureCertsTest" name="selfsignedCertTest" time="8.779"/>
  <testcase classname="RegressionSuite.InsecureCertsTest" name="untrustedCertTest" time="8.578"/>
  <testcase classname="RegressionSuite.InsecureCertsTest" name="revokedCertTest" time="8.625"/>
  <testcase classname="RegressionSuite.InsecureCertsTest" name="pinningCertTest" time="9.405"/>
</testsuite> <!-- CuraandInsecureTest -->
