<?xml version="1.0" encoding="UTF-8"?>
<!-- Generated by org.testng.reporters.JUnitXMLReporter -->
<testsuite ignored="0" hostname="LAPTOP-56NTT3S9" failures="0" tests="6" name="Default test" time="68.255" errors="0" timestamp="2024-03-01T21:57:34 IST">
  <testcase classname="RegressionSuite.InsecureCertsTest" name="expiredCertTest" time="8.719"/>
  <testcase classname="RegressionSuite.InsecureCertsTest" name="wrongHostCertTest" time="8.811"/>
  <testcase classname="RegressionSuite.InsecureCertsTest" name="selfsignedCertTest" time="8.658"/>
  <testcase classname="RegressionSuite.InsecureCertsTest" name="untrustedCertTest" time="8.614"/>
  <testcase classname="RegressionSuite.InsecureCertsTest" name="revokedCertTest" time="8.669"/>
  <testcase classname="RegressionSuite.InsecureCertsTest" name="pinningCertTest" time="8.504"/>
</testsuite> <!-- Default test -->
